2024-01-11 15:00:01,732 [Worker-10] INFO  o.e.m.c.i.p.ProjectConfigurationManager - Update started
2024-01-11 15:00:05,237 [Worker-10] INFO  o.e.m.c.i.l.LifecycleMappingFactory - Using org.eclipse.m2e.jdt.JarLifecycleMapping lifecycle mapping for MavenProject: com.ts:demo:0.0.1-SNAPSHOT @ C:\student-assignment\SpringBoot\demo\pom.xml.
2024-01-11 15:00:09,235 [Worker-10] INFO  o.e.m.j.i.AbstractJavaProjectConfigurator - Adding source folder /demo/src/main/java
2024-01-11 15:00:09,236 [Worker-10] INFO  o.e.m.j.i.AbstractJavaProjectConfigurator - Adding resource folder /demo/src/main/resources
2024-01-11 15:00:09,245 [Worker-10] INFO  o.e.m.j.i.AbstractJavaProjectConfigurator - Adding resource folder /demo/src/main/resources
2024-01-11 15:00:09,262 [Worker-10] INFO  o.e.m.j.i.AbstractJavaProjectConfigurator - Adding source folder /demo/src/test/java
2024-01-11 15:00:10,208 [Worker-16] INFO  o.a.m.s.f.DefaultMavenResourcesFiltering - Copying 1 resource from src\main\resources to target\classes
2024-01-11 15:00:10,238 [Worker-16] INFO  o.a.m.s.f.DefaultMavenResourcesFiltering - Copying 0 resource from src\main\resources to target\classes
2024-01-11 15:00:10,242 [Worker-16] INFO  o.a.m.s.f.DefaultMavenResourcesFiltering - skip non existing resourceDirectory C:\student-assignment\SpringBoot\demo\src\test\resources
2024-01-11 15:00:13,344 [Worker-10] INFO  o.e.m.c.i.p.ProjectConfigurationManager - Update completed: 11 sec
2024-01-11 15:00:13,471 [Worker-14] INFO  o.a.m.s.f.DefaultMavenResourcesFiltering - Copying 1 resource from src\main\resources to target\classes
2024-01-11 15:00:13,474 [Worker-14] INFO  o.a.m.s.f.DefaultMavenResourcesFiltering - Copying 0 resource from src\main\resources to target\classes
2024-01-11 15:00:13,477 [Worker-14] INFO  o.a.m.s.f.DefaultMavenResourcesFiltering - skip non existing resourceDirectory C:\student-assignment\SpringBoot\demo\src\test\resources
2024-01-11 15:00:30,169 [Worker-3] INFO  o.e.m.c.i.p.ProjectConfigurationManager - Update started
2024-01-11 15:00:31,124 [Worker-3] INFO  o.e.m.c.i.l.LifecycleMappingFactory - Using org.eclipse.m2e.jdt.JarLifecycleMapping lifecycle mapping for MavenProject: com.ts:demo:0.0.1-SNAPSHOT @ C:\student-assignment\SpringBoot\demo\pom.xml.
2024-01-11 15:00:32,042 [Worker-3] INFO  o.e.m.j.i.AbstractJavaProjectConfigurator - Adding source folder /demo/src/main/java
2024-01-11 15:00:32,043 [Worker-3] INFO  o.e.m.j.i.AbstractJavaProjectConfigurator - Adding resource folder /demo/src/main/resources
2024-01-11 15:00:32,043 [Worker-3] INFO  o.e.m.j.i.AbstractJavaProjectConfigurator - Adding resource folder /demo/src/main/resources
2024-01-11 15:00:32,044 [Worker-3] INFO  o.e.m.j.i.AbstractJavaProjectConfigurator - Adding source folder /demo/src/test/java
2024-01-11 15:00:32,348 [Worker-3] INFO  o.e.m.c.i.p.ProjectConfigurationManager - Update completed: 2 sec
2024-01-11 15:00:33,266 [Worker-7] INFO  o.a.m.s.f.DefaultMavenResourcesFiltering - Copying 1 resource from src\main\resources to target\classes
2024-01-11 15:00:33,280 [Worker-7] INFO  o.a.m.s.f.DefaultMavenResourcesFiltering - Copying 0 resource from src\main\resources to target\classes
2024-01-11 15:00:33,282 [Worker-7] INFO  o.a.m.s.f.DefaultMavenResourcesFiltering - skip non existing resourceDirectory C:\student-assignment\SpringBoot\demo\src\test\resources
2024-01-11 15:01:08,087 [Worker-11] INFO  o.e.m.c.i.l.LifecycleMappingFactory - Using org.eclipse.m2e.jdt.JarLifecycleMapping lifecycle mapping for MavenProject: com.ts:demo:0.0.1-SNAPSHOT @ C:\student-assignment\SpringBoot\demo\pom.xml.
2024-01-11 15:01:09,086 [Worker-11] INFO  o.e.m.c.i.embedder.EclipseLogger - Using 'UTF-8' encoding to copy filtered resources.
2024-01-11 15:01:09,086 [Worker-11] INFO  o.e.m.c.i.embedder.EclipseLogger - Using 'UTF-8' encoding to copy filtered properties files.
2024-01-11 15:01:09,090 [Worker-11] INFO  o.e.m.c.i.embedder.EclipseLogger - Copying 0 resource
2024-01-11 15:01:09,091 [Worker-11] INFO  o.e.m.c.i.embedder.EclipseLogger - Copying 0 resource
2024-01-11 15:01:09,093 [Worker-11] INFO  o.e.m.c.i.embedder.EclipseLogger - Using 'UTF-8' encoding to copy filtered resources.
2024-01-11 15:01:09,093 [Worker-11] INFO  o.e.m.c.i.embedder.EclipseLogger - Using 'UTF-8' encoding to copy filtered properties files.
2024-01-11 15:01:09,094 [Worker-11] INFO  o.e.m.c.i.embedder.EclipseLogger - skip non existing resourceDirectory C:\student-assignment\SpringBoot\demo\src\test\resources
2024-01-11 15:01:11,938 [Worker-14] INFO  o.e.m.c.i.embedder.EclipseLogger - Using 'UTF-8' encoding to copy filtered resources.
2024-01-11 15:01:11,938 [Worker-14] INFO  o.e.m.c.i.embedder.EclipseLogger - Using 'UTF-8' encoding to copy filtered properties files.
2024-01-11 15:01:11,939 [Worker-14] INFO  o.e.m.c.i.embedder.EclipseLogger - Copying 1 resource
2024-01-11 15:01:11,952 [Worker-14] INFO  o.e.m.c.i.embedder.EclipseLogger - Copying 0 resource
2024-01-11 15:01:11,954 [Worker-14] INFO  o.e.m.c.i.embedder.EclipseLogger - Using 'UTF-8' encoding to copy filtered resources.
2024-01-11 15:01:11,954 [Worker-14] INFO  o.e.m.c.i.embedder.EclipseLogger - Using 'UTF-8' encoding to copy filtered properties files.
2024-01-11 15:01:11,954 [Worker-14] INFO  o.e.m.c.i.embedder.EclipseLogger - skip non existing resourceDirectory C:\student-assignment\SpringBoot\demo\src\test\resources
2024-01-16 21:05:50,497 [Worker-0] INFO  o.e.m.c.i.e.AbstractTransferListenerAdapter - Downloading https://repo.maven.apache.org/maven2/org/springframework/boot/spring-boot-starter-data-jpa/2.7.9/spring-boot-starter-data-jpa-2.7.9.pom
2024-01-16 21:05:50,612 [Worker-0] INFO  o.e.m.c.i.e.AbstractTransferListenerAdapter - Downloaded https://repo.maven.apache.org/maven2/org/springframework/boot/spring-boot-starter-data-jpa/2.7.9/spring-boot-starter-data-jpa-2.7.9.pom
2024-01-16 21:05:50,684 [Worker-0] INFO  o.e.m.c.i.e.AbstractTransferListenerAdapter - Downloading https://repo.maven.apache.org/maven2/org/springframework/boot/spring-boot-starter-aop/2.7.9/spring-boot-starter-aop-2.7.9.pom
2024-01-16 21:05:50,845 [Worker-0] INFO  o.e.m.c.i.e.AbstractTransferListenerAdapter - Downloaded https://repo.maven.apache.org/maven2/org/springframework/boot/spring-boot-starter-aop/2.7.9/spring-boot-starter-aop-2.7.9.pom
2024-01-16 21:05:50,959 [Worker-0] INFO  o.e.m.c.i.e.AbstractTransferListenerAdapter - Downloading https://repo.maven.apache.org/maven2/org/aspectj/aspectjweaver/1.9.7/aspectjweaver-1.9.7.pom
2024-01-16 21:05:51,013 [Worker-0] INFO  o.e.m.c.i.e.AbstractTransferListenerAdapter - Downloaded https://repo.maven.apache.org/maven2/org/aspectj/aspectjweaver/1.9.7/aspectjweaver-1.9.7.pom
2024-01-16 21:05:51,061 [Worker-0] INFO  o.e.m.c.i.e.AbstractTransferListenerAdapter - Downloading https://repo.maven.apache.org/maven2/org/springframework/boot/spring-boot-starter-jdbc/2.7.9/spring-boot-starter-jdbc-2.7.9.pom
2024-01-16 21:05:51,122 [Worker-0] INFO  o.e.m.c.i.e.AbstractTransferListenerAdapter - Downloaded https://repo.maven.apache.org/maven2/org/springframework/boot/spring-boot-starter-jdbc/2.7.9/spring-boot-starter-jdbc-2.7.9.pom
2024-01-16 21:05:51,168 [Worker-0] INFO  o.e.m.c.i.e.AbstractTransferListenerAdapter - Downloading https://repo.maven.apache.org/maven2/com/zaxxer/HikariCP/4.0.3/HikariCP-4.0.3.pom
2024-01-16 21:05:51,227 [Worker-0] INFO  o.e.m.c.i.e.AbstractTransferListenerAdapter - Downloaded https://repo.maven.apache.org/maven2/com/zaxxer/HikariCP/4.0.3/HikariCP-4.0.3.pom
2024-01-16 21:05:51,256 [Worker-0] INFO  o.e.m.c.i.e.AbstractTransferListenerAdapter - Downloading https://repo.maven.apache.org/maven2/org/sonatype/oss/oss-parent/9/oss-parent-9.pom
2024-01-16 21:05:51,305 [Worker-0] INFO  o.e.m.c.i.e.AbstractTransferListenerAdapter - Downloaded https://repo.maven.apache.org/maven2/org/sonatype/oss/oss-parent/9/oss-parent-9.pom
2024-01-16 21:05:51,332 [Worker-0] INFO  o.e.m.c.i.e.AbstractTransferListenerAdapter - Downloading https://repo.maven.apache.org/maven2/org/springframework/spring-jdbc/5.3.25/spring-jdbc-5.3.25.pom
2024-01-16 21:05:51,385 [Worker-0] INFO  o.e.m.c.i.e.AbstractTransferListenerAdapter - Downloaded https://repo.maven.apache.org/maven2/org/springframework/spring-jdbc/5.3.25/spring-jdbc-5.3.25.pom
2024-01-16 21:05:51,418 [Worker-0] INFO  o.e.m.c.i.e.AbstractTransferListenerAdapter - Downloading https://repo.maven.apache.org/maven2/org/springframework/spring-tx/5.3.25/spring-tx-5.3.25.pom
2024-01-16 21:05:51,522 [Worker-0] INFO  o.e.m.c.i.e.AbstractTransferListenerAdapter - Downloaded https://repo.maven.apache.org/maven2/org/springframework/spring-tx/5.3.25/spring-tx-5.3.25.pom
2024-01-16 21:05:51,559 [Worker-0] INFO  o.e.m.c.i.e.AbstractTransferListenerAdapter - Downloading https://repo.maven.apache.org/maven2/jakarta/transaction/jakarta.transaction-api/1.3.3/jakarta.transaction-api-1.3.3.pom
2024-01-16 21:05:51,623 [Worker-0] INFO  o.e.m.c.i.e.AbstractTransferListenerAdapter - Downloaded https://repo.maven.apache.org/maven2/jakarta/transaction/jakarta.transaction-api/1.3.3/jakarta.transaction-api-1.3.3.pom
2024-01-16 21:05:51,682 [Worker-0] INFO  o.e.m.c.i.e.AbstractTransferListenerAdapter - Downloading https://repo.maven.apache.org/maven2/jakarta/persistence/jakarta.persistence-api/2.2.3/jakarta.persistence-api-2.2.3.pom
2024-01-16 21:05:51,743 [Worker-0] INFO  o.e.m.c.i.e.AbstractTransferListenerAdapter - Downloaded https://repo.maven.apache.org/maven2/jakarta/persistence/jakarta.persistence-api/2.2.3/jakarta.persistence-api-2.2.3.pom
2024-01-16 21:05:51,774 [Worker-0] INFO  o.e.m.c.i.e.AbstractTransferListenerAdapter - Downloading https://repo.maven.apache.org/maven2/org/hibernate/hibernate-core/5.6.15.Final/hibernate-core-5.6.15.Final.pom
2024-01-16 21:05:51,837 [Worker-0] INFO  o.e.m.c.i.e.AbstractTransferListenerAdapter - Downloaded https://repo.maven.apache.org/maven2/org/hibernate/hibernate-core/5.6.15.Final/hibernate-core-5.6.15.Final.pom
2024-01-16 21:05:51,864 [Worker-0] INFO  o.e.m.c.i.e.AbstractTransferListenerAdapter - Downloading https://repo.maven.apache.org/maven2/org/jboss/logging/jboss-logging/3.4.3.Final/jboss-logging-3.4.3.Final.pom
2024-01-16 21:05:51,924 [Worker-0] INFO  o.e.m.c.i.e.AbstractTransferListenerAdapter - Downloaded https://repo.maven.apache.org/maven2/org/jboss/logging/jboss-logging/3.4.3.Final/jboss-logging-3.4.3.Final.pom
2024-01-16 21:05:51,955 [Worker-0] INFO  o.e.m.c.i.e.AbstractTransferListenerAdapter - Downloading https://repo.maven.apache.org/maven2/org/jboss/jboss-parent/39/jboss-parent-39.pom
2024-01-16 21:05:52,077 [Worker-0] INFO  o.e.m.c.i.e.AbstractTransferListenerAdapter - Downloaded https://repo.maven.apache.org/maven2/org/jboss/jboss-parent/39/jboss-parent-39.pom
2024-01-16 21:05:52,130 [Worker-0] INFO  o.e.m.c.i.e.AbstractTransferListenerAdapter - Downloading https://repo.maven.apache.org/maven2/antlr/antlr/2.7.7/antlr-2.7.7.pom
2024-01-16 21:05:52,187 [Worker-0] INFO  o.e.m.c.i.e.AbstractTransferListenerAdapter - Downloaded https://repo.maven.apache.org/maven2/antlr/antlr/2.7.7/antlr-2.7.7.pom
2024-01-16 21:05:52,244 [Worker-0] INFO  o.e.m.c.i.e.AbstractTransferListenerAdapter - Downloading https://repo.maven.apache.org/maven2/org/jboss/jandex/2.4.2.Final/jandex-2.4.2.Final.pom
2024-01-16 21:05:52,311 [Worker-0] INFO  o.e.m.c.i.e.AbstractTransferListenerAdapter - Downloaded https://repo.maven.apache.org/maven2/org/jboss/jandex/2.4.2.Final/jandex-2.4.2.Final.pom
2024-01-16 21:05:52,340 [Worker-0] INFO  o.e.m.c.i.e.AbstractTransferListenerAdapter - Downloading https://repo.maven.apache.org/maven2/org/jboss/jboss-parent/12/jboss-parent-12.pom
2024-01-16 21:05:52,442 [Worker-0] INFO  o.e.m.c.i.e.AbstractTransferListenerAdapter - Downloaded https://repo.maven.apache.org/maven2/org/jboss/jboss-parent/12/jboss-parent-12.pom
2024-01-16 21:05:52,484 [Worker-0] INFO  o.e.m.c.i.e.AbstractTransferListenerAdapter - Downloading https://repo.maven.apache.org/maven2/com/fasterxml/classmate/1.5.1/classmate-1.5.1.pom
2024-01-16 21:05:52,555 [Worker-0] INFO  o.e.m.c.i.e.AbstractTransferListenerAdapter - Downloaded https://repo.maven.apache.org/maven2/com/fasterxml/classmate/1.5.1/classmate-1.5.1.pom
2024-01-16 21:05:52,603 [Worker-0] INFO  o.e.m.c.i.e.AbstractTransferListenerAdapter - Downloading https://repo.maven.apache.org/maven2/com/fasterxml/oss-parent/35/oss-parent-35.pom
2024-01-16 21:05:52,665 [Worker-0] INFO  o.e.m.c.i.e.AbstractTransferListenerAdapter - Downloaded https://repo.maven.apache.org/maven2/com/fasterxml/oss-parent/35/oss-parent-35.pom
2024-01-16 21:05:52,703 [Worker-0] INFO  o.e.m.c.i.e.AbstractTransferListenerAdapter - Downloading https://repo.maven.apache.org/maven2/org/hibernate/common/hibernate-commons-annotations/5.1.2.Final/hibernate-commons-annotations-5.1.2.Final.pom
2024-01-16 21:05:52,787 [Worker-0] INFO  o.e.m.c.i.e.AbstractTransferListenerAdapter - Downloaded https://repo.maven.apache.org/maven2/org/hibernate/common/hibernate-commons-annotations/5.1.2.Final/hibernate-commons-annotations-5.1.2.Final.pom
2024-01-16 21:05:52,822 [Worker-0] INFO  o.e.m.c.i.e.AbstractTransferListenerAdapter - Downloading https://repo.maven.apache.org/maven2/org/glassfish/jaxb/jaxb-runtime/2.3.8/jaxb-runtime-2.3.8.pom
2024-01-16 21:05:52,885 [Worker-0] INFO  o.e.m.c.i.e.AbstractTransferListenerAdapter - Downloaded https://repo.maven.apache.org/maven2/org/glassfish/jaxb/jaxb-runtime/2.3.8/jaxb-runtime-2.3.8.pom
2024-01-16 21:05:52,922 [Worker-0] INFO  o.e.m.c.i.e.AbstractTransferListenerAdapter - Downloading https://repo.maven.apache.org/maven2/com/sun/xml/bind/mvn/jaxb-runtime-parent/2.3.8/jaxb-runtime-parent-2.3.8.pom
2024-01-16 21:05:52,988 [Worker-0] INFO  o.e.m.c.i.e.AbstractTransferListenerAdapter - Downloaded https://repo.maven.apache.org/maven2/com/sun/xml/bind/mvn/jaxb-runtime-parent/2.3.8/jaxb-runtime-parent-2.3.8.pom
2024-01-16 21:05:53,021 [Worker-0] INFO  o.e.m.c.i.e.AbstractTransferListenerAdapter - Downloading https://repo.maven.apache.org/maven2/com/sun/xml/bind/mvn/jaxb-parent/2.3.8/jaxb-parent-2.3.8.pom
2024-01-16 21:05:53,097 [Worker-0] INFO  o.e.m.c.i.e.AbstractTransferListenerAdapter - Downloaded https://repo.maven.apache.org/maven2/com/sun/xml/bind/mvn/jaxb-parent/2.3.8/jaxb-parent-2.3.8.pom
2024-01-16 21:05:53,138 [Worker-0] INFO  o.e.m.c.i.e.AbstractTransferListenerAdapter - Downloading https://repo.maven.apache.org/maven2/com/sun/xml/bind/jaxb-bom-ext/2.3.8/jaxb-bom-ext-2.3.8.pom
2024-01-16 21:05:53,458 [Worker-0] INFO  o.e.m.c.i.e.AbstractTransferListenerAdapter - Downloaded https://repo.maven.apache.org/maven2/com/sun/xml/bind/jaxb-bom-ext/2.3.8/jaxb-bom-ext-2.3.8.pom
2024-01-16 21:05:53,497 [Worker-0] INFO  o.e.m.c.i.e.AbstractTransferListenerAdapter - Downloading https://repo.maven.apache.org/maven2/org/glassfish/jaxb/jaxb-bom/2.3.8/jaxb-bom-2.3.8.pom
2024-01-16 21:05:53,550 [Worker-0] INFO  o.e.m.c.i.e.AbstractTransferListenerAdapter - Downloaded https://repo.maven.apache.org/maven2/org/glassfish/jaxb/jaxb-bom/2.3.8/jaxb-bom-2.3.8.pom
2024-01-16 21:05:53,576 [Worker-0] INFO  o.e.m.c.i.e.AbstractTransferListenerAdapter - Downloading https://repo.maven.apache.org/maven2/org/eclipse/ee4j/project/1.0.8/project-1.0.8.pom
2024-01-16 21:05:53,636 [Worker-0] INFO  o.e.m.c.i.e.AbstractTransferListenerAdapter - Downloaded https://repo.maven.apache.org/maven2/org/eclipse/ee4j/project/1.0.8/project-1.0.8.pom
2024-01-16 21:05:53,673 [Worker-0] INFO  o.e.m.c.i.e.AbstractTransferListenerAdapter - Downloading https://repo.maven.apache.org/maven2/org/glassfish/jaxb/txw2/2.3.8/txw2-2.3.8.pom
2024-01-16 21:05:53,722 [Worker-0] INFO  o.e.m.c.i.e.AbstractTransferListenerAdapter - Downloaded https://repo.maven.apache.org/maven2/org/glassfish/jaxb/txw2/2.3.8/txw2-2.3.8.pom
2024-01-16 21:05:53,746 [Worker-0] INFO  o.e.m.c.i.e.AbstractTransferListenerAdapter - Downloading https://repo.maven.apache.org/maven2/com/sun/xml/bind/mvn/jaxb-txw-parent/2.3.8/jaxb-txw-parent-2.3.8.pom
2024-01-16 21:05:53,791 [Worker-0] INFO  o.e.m.c.i.e.AbstractTransferListenerAdapter - Downloaded https://repo.maven.apache.org/maven2/com/sun/xml/bind/mvn/jaxb-txw-parent/2.3.8/jaxb-txw-parent-2.3.8.pom
2024-01-16 21:05:53,822 [Worker-0] INFO  o.e.m.c.i.e.AbstractTransferListenerAdapter - Downloading https://repo.maven.apache.org/maven2/com/sun/istack/istack-commons-runtime/3.0.12/istack-commons-runtime-3.0.12.pom
2024-01-16 21:05:53,870 [Worker-0] INFO  o.e.m.c.i.e.AbstractTransferListenerAdapter - Downloaded https://repo.maven.apache.org/maven2/com/sun/istack/istack-commons-runtime/3.0.12/istack-commons-runtime-3.0.12.pom
2024-01-16 21:05:53,898 [Worker-0] INFO  o.e.m.c.i.e.AbstractTransferListenerAdapter - Downloading https://repo.maven.apache.org/maven2/com/sun/istack/istack-commons/3.0.12/istack-commons-3.0.12.pom
2024-01-16 21:05:53,956 [Worker-0] INFO  o.e.m.c.i.e.AbstractTransferListenerAdapter - Downloaded https://repo.maven.apache.org/maven2/com/sun/istack/istack-commons/3.0.12/istack-commons-3.0.12.pom
2024-01-16 21:05:53,987 [Worker-0] INFO  o.e.m.c.i.e.AbstractTransferListenerAdapter - Downloading https://repo.maven.apache.org/maven2/com/sun/activation/jakarta.activation/1.2.2/jakarta.activation-1.2.2.pom
2024-01-16 21:05:54,042 [Worker-0] INFO  o.e.m.c.i.e.AbstractTransferListenerAdapter - Downloaded https://repo.maven.apache.org/maven2/com/sun/activation/jakarta.activation/1.2.2/jakarta.activation-1.2.2.pom
2024-01-16 21:05:54,075 [Worker-0] INFO  o.e.m.c.i.e.AbstractTransferListenerAdapter - Downloading https://repo.maven.apache.org/maven2/org/springframework/data/spring-data-jpa/2.7.8/spring-data-jpa-2.7.8.pom
2024-01-16 21:05:54,127 [Worker-0] INFO  o.e.m.c.i.e.AbstractTransferListenerAdapter - Downloaded https://repo.maven.apache.org/maven2/org/springframework/data/spring-data-jpa/2.7.8/spring-data-jpa-2.7.8.pom
2024-01-16 21:05:54,156 [Worker-0] INFO  o.e.m.c.i.e.AbstractTransferListenerAdapter - Downloading https://repo.maven.apache.org/maven2/org/springframework/data/build/spring-data-parent/2.7.8/spring-data-parent-2.7.8.pom
2024-01-16 21:05:54,211 [Worker-0] INFO  o.e.m.c.i.e.AbstractTransferListenerAdapter - Downloaded https://repo.maven.apache.org/maven2/org/springframework/data/build/spring-data-parent/2.7.8/spring-data-parent-2.7.8.pom
2024-01-16 21:05:54,236 [Worker-0] INFO  o.e.m.c.i.e.AbstractTransferListenerAdapter - Downloading https://repo.maven.apache.org/maven2/org/springframework/data/build/spring-data-build/2.7.8/spring-data-build-2.7.8.pom
2024-01-16 21:05:54,289 [Worker-0] INFO  o.e.m.c.i.e.AbstractTransferListenerAdapter - Downloaded https://repo.maven.apache.org/maven2/org/springframework/data/build/spring-data-build/2.7.8/spring-data-build-2.7.8.pom
2024-01-16 21:05:54,317 [Worker-0] INFO  o.e.m.c.i.e.AbstractTransferListenerAdapter - Downloading https://repo.maven.apache.org/maven2/org/testcontainers/testcontainers-bom/1.17.6/testcontainers-bom-1.17.6.pom
2024-01-16 21:05:54,361 [Worker-0] INFO  o.e.m.c.i.e.AbstractTransferListenerAdapter - Downloaded https://repo.maven.apache.org/maven2/org/testcontainers/testcontainers-bom/1.17.6/testcontainers-bom-1.17.6.pom
2024-01-16 21:05:54,388 [Worker-0] INFO  o.e.m.c.i.e.AbstractTransferListenerAdapter - Downloading https://repo.maven.apache.org/maven2/io/projectreactor/reactor-bom/2020.0.27/reactor-bom-2020.0.27.pom
2024-01-16 21:05:54,434 [Worker-0] INFO  o.e.m.c.i.e.AbstractTransferListenerAdapter - Downloaded https://repo.maven.apache.org/maven2/io/projectreactor/reactor-bom/2020.0.27/reactor-bom-2020.0.27.pom
2024-01-16 21:05:54,482 [Worker-0] INFO  o.e.m.c.i.e.AbstractTransferListenerAdapter - Downloading https://repo.maven.apache.org/maven2/org/springframework/data/spring-data-commons/2.7.8/spring-data-commons-2.7.8.pom
2024-01-16 21:05:54,534 [Worker-0] INFO  o.e.m.c.i.e.AbstractTransferListenerAdapter - Downloaded https://repo.maven.apache.org/maven2/org/springframework/data/spring-data-commons/2.7.8/spring-data-commons-2.7.8.pom
2024-01-16 21:05:54,568 [Worker-0] INFO  o.e.m.c.i.e.AbstractTransferListenerAdapter - Downloading https://repo.maven.apache.org/maven2/org/springframework/spring-orm/5.3.25/spring-orm-5.3.25.pom
2024-01-16 21:05:54,612 [Worker-0] INFO  o.e.m.c.i.e.AbstractTransferListenerAdapter - Downloaded https://repo.maven.apache.org/maven2/org/springframework/spring-orm/5.3.25/spring-orm-5.3.25.pom
2024-01-16 21:05:54,643 [Worker-0] INFO  o.e.m.c.i.e.AbstractTransferListenerAdapter - Downloading https://repo.maven.apache.org/maven2/org/springframework/spring-aspects/5.3.25/spring-aspects-5.3.25.pom
2024-01-16 21:05:54,690 [Worker-0] INFO  o.e.m.c.i.e.AbstractTransferListenerAdapter - Downloaded https://repo.maven.apache.org/maven2/org/springframework/spring-aspects/5.3.25/spring-aspects-5.3.25.pom
2024-01-16 21:05:55,070 [Worker-0] INFO  o.e.m.c.i.e.AbstractTransferListenerAdapter - Downloading https://repo.maven.apache.org/maven2/com/mysql/mysql-connector-j/8.0.32/mysql-connector-j-8.0.32.pom
2024-01-16 21:05:55,288 [Worker-0] INFO  o.e.m.c.i.e.AbstractTransferListenerAdapter - Downloaded https://repo.maven.apache.org/maven2/com/mysql/mysql-connector-j/8.0.32/mysql-connector-j-8.0.32.pom
2024-01-16 21:05:55,528 [Worker-0] INFO  o.e.m.c.i.e.AbstractTransferListenerAdapter - Downloading https://repo.maven.apache.org/maven2/org/springframework/boot/spring-boot-starter-data-jpa/2.7.9/spring-boot-starter-data-jpa-2.7.9.jar
2024-01-16 21:05:55,608 [Worker-0] INFO  o.e.m.c.i.e.AbstractTransferListenerAdapter - Downloaded https://repo.maven.apache.org/maven2/org/springframework/boot/spring-boot-starter-data-jpa/2.7.9/spring-boot-starter-data-jpa-2.7.9.jar
2024-01-16 21:05:55,629 [Worker-0] INFO  o.e.m.c.i.e.AbstractTransferListenerAdapter - Downloading https://repo.maven.apache.org/maven2/org/springframework/boot/spring-boot-starter-aop/2.7.9/spring-boot-starter-aop-2.7.9.jar
2024-01-16 21:05:55,911 [Worker-0] INFO  o.e.m.c.i.e.AbstractTransferListenerAdapter - Downloaded https://repo.maven.apache.org/maven2/org/springframework/boot/spring-boot-starter-aop/2.7.9/spring-boot-starter-aop-2.7.9.jar
2024-01-16 21:05:55,932 [Worker-0] INFO  o.e.m.c.i.e.AbstractTransferListenerAdapter - Downloading https://repo.maven.apache.org/maven2/org/aspectj/aspectjweaver/1.9.7/aspectjweaver-1.9.7.jar
2024-01-16 21:05:56,189 [Worker-0] INFO  o.e.m.c.i.e.AbstractTransferListenerAdapter - Downloaded https://repo.maven.apache.org/maven2/org/aspectj/aspectjweaver/1.9.7/aspectjweaver-1.9.7.jar
2024-01-16 21:05:56,208 [Worker-0] INFO  o.e.m.c.i.e.AbstractTransferListenerAdapter - Downloading https://repo.maven.apache.org/maven2/org/springframework/boot/spring-boot-starter-jdbc/2.7.9/spring-boot-starter-jdbc-2.7.9.jar
2024-01-16 21:05:56,279 [Worker-0] INFO  o.e.m.c.i.e.AbstractTransferListenerAdapter - Downloaded https://repo.maven.apache.org/maven2/org/springframework/boot/spring-boot-starter-jdbc/2.7.9/spring-boot-starter-jdbc-2.7.9.jar
2024-01-16 21:05:56,300 [Worker-0] INFO  o.e.m.c.i.e.AbstractTransferListenerAdapter - Downloading https://repo.maven.apache.org/maven2/com/zaxxer/HikariCP/4.0.3/HikariCP-4.0.3.jar
2024-01-16 21:05:56,363 [Worker-0] INFO  o.e.m.c.i.e.AbstractTransferListenerAdapter - Downloaded https://repo.maven.apache.org/maven2/com/zaxxer/HikariCP/4.0.3/HikariCP-4.0.3.jar
2024-01-16 21:05:56,384 [Worker-0] INFO  o.e.m.c.i.e.AbstractTransferListenerAdapter - Downloading https://repo.maven.apache.org/maven2/org/springframework/spring-jdbc/5.3.25/spring-jdbc-5.3.25.jar
2024-01-16 21:05:56,454 [Worker-0] INFO  o.e.m.c.i.e.AbstractTransferListenerAdapter - Downloaded https://repo.maven.apache.org/maven2/org/springframework/spring-jdbc/5.3.25/spring-jdbc-5.3.25.jar
2024-01-16 21:05:56,474 [Worker-0] INFO  o.e.m.c.i.e.AbstractTransferListenerAdapter - Downloading https://repo.maven.apache.org/maven2/jakarta/transaction/jakarta.transaction-api/1.3.3/jakarta.transaction-api-1.3.3.jar
2024-01-16 21:05:56,844 [Worker-0] INFO  o.e.m.c.i.e.AbstractTransferListenerAdapter - Downloaded https://repo.maven.apache.org/maven2/jakarta/transaction/jakarta.transaction-api/1.3.3/jakarta.transaction-api-1.3.3.jar
2024-01-16 21:05:56,907 [Worker-0] INFO  o.e.m.c.i.e.AbstractTransferListenerAdapter - Downloading https://repo.maven.apache.org/maven2/jakarta/persistence/jakarta.persistence-api/2.2.3/jakarta.persistence-api-2.2.3.jar
2024-01-16 21:05:56,982 [Worker-0] INFO  o.e.m.c.i.e.AbstractTransferListenerAdapter - Downloaded https://repo.maven.apache.org/maven2/jakarta/persistence/jakarta.persistence-api/2.2.3/jakarta.persistence-api-2.2.3.jar
2024-01-16 21:05:57,041 [Worker-0] INFO  o.e.m.c.i.e.AbstractTransferListenerAdapter - Downloading https://repo.maven.apache.org/maven2/org/hibernate/hibernate-core/5.6.15.Final/hibernate-core-5.6.15.Final.jar
2024-01-16 21:06:01,554 [Worker-0] INFO  o.e.m.c.i.e.AbstractTransferListenerAdapter - Downloaded https://repo.maven.apache.org/maven2/org/hibernate/hibernate-core/5.6.15.Final/hibernate-core-5.6.15.Final.jar
2024-01-16 21:06:01,576 [Worker-0] INFO  o.e.m.c.i.e.AbstractTransferListenerAdapter - Downloading https://repo.maven.apache.org/maven2/org/jboss/logging/jboss-logging/3.4.3.Final/jboss-logging-3.4.3.Final.jar
2024-01-16 21:06:01,653 [Worker-0] INFO  o.e.m.c.i.e.AbstractTransferListenerAdapter - Downloaded https://repo.maven.apache.org/maven2/org/jboss/logging/jboss-logging/3.4.3.Final/jboss-logging-3.4.3.Final.jar
2024-01-16 21:06:01,673 [Worker-0] INFO  o.e.m.c.i.e.AbstractTransferListenerAdapter - Downloading https://repo.maven.apache.org/maven2/antlr/antlr/2.7.7/antlr-2.7.7.jar
2024-01-16 21:06:01,811 [Worker-0] INFO  o.e.m.c.i.e.AbstractTransferListenerAdapter - Downloaded https://repo.maven.apache.org/maven2/antlr/antlr/2.7.7/antlr-2.7.7.jar
2024-01-16 21:06:01,928 [Worker-0] INFO  o.e.m.c.i.e.AbstractTransferListenerAdapter - Downloading https://repo.maven.apache.org/maven2/org/jboss/jandex/2.4.2.Final/jandex-2.4.2.Final.jar
2024-01-16 21:06:02,038 [Worker-0] INFO  o.e.m.c.i.e.AbstractTransferListenerAdapter - Downloaded https://repo.maven.apache.org/maven2/org/jboss/jandex/2.4.2.Final/jandex-2.4.2.Final.jar
2024-01-16 21:06:02,062 [Worker-0] INFO  o.e.m.c.i.e.AbstractTransferListenerAdapter - Downloading https://repo.maven.apache.org/maven2/com/fasterxml/classmate/1.5.1/classmate-1.5.1.jar
2024-01-16 21:06:02,132 [Worker-0] INFO  o.e.m.c.i.e.AbstractTransferListenerAdapter - Downloaded https://repo.maven.apache.org/maven2/com/fasterxml/classmate/1.5.1/classmate-1.5.1.jar
2024-01-16 21:06:02,158 [Worker-0] INFO  o.e.m.c.i.e.AbstractTransferListenerAdapter - Downloading https://repo.maven.apache.org/maven2/org/hibernate/common/hibernate-commons-annotations/5.1.2.Final/hibernate-commons-annotations-5.1.2.Final.jar
2024-01-16 21:06:02,224 [Worker-0] INFO  o.e.m.c.i.e.AbstractTransferListenerAdapter - Downloaded https://repo.maven.apache.org/maven2/org/hibernate/common/hibernate-commons-annotations/5.1.2.Final/hibernate-commons-annotations-5.1.2.Final.jar
2024-01-16 21:06:02,245 [Worker-0] INFO  o.e.m.c.i.e.AbstractTransferListenerAdapter - Downloading https://repo.maven.apache.org/maven2/org/glassfish/jaxb/jaxb-runtime/2.3.8/jaxb-runtime-2.3.8.jar
2024-01-16 21:06:02,507 [Worker-0] INFO  o.e.m.c.i.e.AbstractTransferListenerAdapter - Downloaded https://repo.maven.apache.org/maven2/org/glassfish/jaxb/jaxb-runtime/2.3.8/jaxb-runtime-2.3.8.jar
2024-01-16 21:06:02,526 [Worker-0] INFO  o.e.m.c.i.e.AbstractTransferListenerAdapter - Downloading https://repo.maven.apache.org/maven2/org/glassfish/jaxb/txw2/2.3.8/txw2-2.3.8.jar
2024-01-16 21:06:02,617 [Worker-0] INFO  o.e.m.c.i.e.AbstractTransferListenerAdapter - Downloaded https://repo.maven.apache.org/maven2/org/glassfish/jaxb/txw2/2.3.8/txw2-2.3.8.jar
2024-01-16 21:06:02,642 [Worker-0] INFO  o.e.m.c.i.e.AbstractTransferListenerAdapter - Downloading https://repo.maven.apache.org/maven2/com/sun/istack/istack-commons-runtime/3.0.12/istack-commons-runtime-3.0.12.jar
2024-01-16 21:06:03,077 [Worker-0] INFO  o.e.m.c.i.e.AbstractTransferListenerAdapter - Downloaded https://repo.maven.apache.org/maven2/com/sun/istack/istack-commons-runtime/3.0.12/istack-commons-runtime-3.0.12.jar
2024-01-16 21:06:03,100 [Worker-0] INFO  o.e.m.c.i.e.AbstractTransferListenerAdapter - Downloading https://repo.maven.apache.org/maven2/com/sun/activation/jakarta.activation/1.2.2/jakarta.activation-1.2.2.jar
2024-01-16 21:06:03,206 [Worker-0] INFO  o.e.m.c.i.e.AbstractTransferListenerAdapter - Downloaded https://repo.maven.apache.org/maven2/com/sun/activation/jakarta.activation/1.2.2/jakarta.activation-1.2.2.jar
2024-01-16 21:06:03,228 [Worker-0] INFO  o.e.m.c.i.e.AbstractTransferListenerAdapter - Downloading https://repo.maven.apache.org/maven2/org/springframework/data/spring-data-jpa/2.7.8/spring-data-jpa-2.7.8.jar
2024-01-16 21:06:03,357 [Worker-0] INFO  o.e.m.c.i.e.AbstractTransferListenerAdapter - Downloaded https://repo.maven.apache.org/maven2/org/springframework/data/spring-data-jpa/2.7.8/spring-data-jpa-2.7.8.jar
2024-01-16 21:06:03,383 [Worker-0] INFO  o.e.m.c.i.e.AbstractTransferListenerAdapter - Downloading https://repo.maven.apache.org/maven2/org/springframework/data/spring-data-commons/2.7.8/spring-data-commons-2.7.8.jar
2024-01-16 21:06:03,687 [Worker-0] INFO  o.e.m.c.i.e.AbstractTransferListenerAdapter - Downloaded https://repo.maven.apache.org/maven2/org/springframework/data/spring-data-commons/2.7.8/spring-data-commons-2.7.8.jar
2024-01-16 21:06:03,706 [Worker-0] INFO  o.e.m.c.i.e.AbstractTransferListenerAdapter - Downloading https://repo.maven.apache.org/maven2/org/springframework/spring-orm/5.3.25/spring-orm-5.3.25.jar
2024-01-16 21:06:03,792 [Worker-0] INFO  o.e.m.c.i.e.AbstractTransferListenerAdapter - Downloaded https://repo.maven.apache.org/maven2/org/springframework/spring-orm/5.3.25/spring-orm-5.3.25.jar
2024-01-16 21:06:03,813 [Worker-0] INFO  o.e.m.c.i.e.AbstractTransferListenerAdapter - Downloading https://repo.maven.apache.org/maven2/org/springframework/spring-tx/5.3.25/spring-tx-5.3.25.jar
2024-01-16 21:06:03,915 [Worker-0] INFO  o.e.m.c.i.e.AbstractTransferListenerAdapter - Downloaded https://repo.maven.apache.org/maven2/org/springframework/spring-tx/5.3.25/spring-tx-5.3.25.jar
2024-01-16 21:06:03,936 [Worker-0] INFO  o.e.m.c.i.e.AbstractTransferListenerAdapter - Downloading https://repo.maven.apache.org/maven2/org/springframework/spring-aspects/5.3.25/spring-aspects-5.3.25.jar
2024-01-16 21:06:04,376 [Worker-0] INFO  o.e.m.c.i.e.AbstractTransferListenerAdapter - Downloaded https://repo.maven.apache.org/maven2/org/springframework/spring-aspects/5.3.25/spring-aspects-5.3.25.jar
2024-01-16 21:06:04,399 [Worker-0] INFO  o.e.m.c.i.e.AbstractTransferListenerAdapter - Downloading https://repo.maven.apache.org/maven2/com/mysql/mysql-connector-j/8.0.32/mysql-connector-j-8.0.32.jar
2024-01-16 21:06:04,858 [Worker-0] INFO  o.e.m.c.i.e.AbstractTransferListenerAdapter - Downloaded https://repo.maven.apache.org/maven2/com/mysql/mysql-connector-j/8.0.32/mysql-connector-j-8.0.32.jar
2024-01-16 21:06:07,829 [Worker-8] INFO  o.e.m.c.i.embedder.EclipseLogger - Using 'UTF-8' encoding to copy filtered resources.
2024-01-16 21:06:07,829 [Worker-8] INFO  o.e.m.c.i.embedder.EclipseLogger - Using 'UTF-8' encoding to copy filtered properties files.
2024-01-16 21:06:07,833 [Worker-8] INFO  o.e.m.c.i.embedder.EclipseLogger - Copying 1 resource
2024-01-16 21:06:07,853 [Worker-8] INFO  o.e.m.c.i.embedder.EclipseLogger - Copying 0 resource
2024-01-16 21:06:07,855 [Worker-8] INFO  o.e.m.c.i.embedder.EclipseLogger - Using 'UTF-8' encoding to copy filtered resources.
2024-01-16 21:06:07,855 [Worker-8] INFO  o.e.m.c.i.embedder.EclipseLogger - Using 'UTF-8' encoding to copy filtered properties files.
2024-01-16 21:06:07,856 [Worker-8] INFO  o.e.m.c.i.embedder.EclipseLogger - skip non existing resourceDirectory C:\student-assignment\SpringBoot\demo\src\test\resources
2024-01-18 09:21:58,124 [Worker-5] INFO  o.e.m.c.i.p.ProjectConfigurationManager - Update started
2024-01-18 09:22:00,016 [Worker-5] INFO  o.e.m.c.i.l.LifecycleMappingFactory - Using org.eclipse.m2e.jdt.JarLifecycleMapping lifecycle mapping for MavenProject: com.ts:demo:0.0.1-SNAPSHOT @ C:\student-assignment\SpringBoot\demo\pom.xml.
2024-01-18 09:22:03,479 [Worker-5] INFO  o.e.m.j.i.AbstractJavaProjectConfigurator - Adding source folder /demo/src/main/java
2024-01-18 09:22:03,479 [Worker-5] INFO  o.e.m.j.i.AbstractJavaProjectConfigurator - Adding resource folder /demo/src/main/resources
2024-01-18 09:22:03,480 [Worker-5] INFO  o.e.m.j.i.AbstractJavaProjectConfigurator - Adding resource folder /demo/src/main/resources
2024-01-18 09:22:03,481 [Worker-5] INFO  o.e.m.j.i.AbstractJavaProjectConfigurator - Adding source folder /demo/src/test/java
2024-01-18 09:22:04,269 [Worker-5] INFO  o.e.m.c.i.p.ProjectConfigurationManager - Update completed: 6 sec
2024-01-18 09:22:04,970 [Worker-5] INFO  o.e.m.c.i.embedder.EclipseLogger - Using 'UTF-8' encoding to copy filtered resources.
2024-01-18 09:22:04,970 [Worker-5] INFO  o.e.m.c.i.embedder.EclipseLogger - Using 'UTF-8' encoding to copy filtered properties files.
2024-01-18 09:22:04,972 [Worker-5] INFO  o.e.m.c.i.embedder.EclipseLogger - Copying 1 resource
2024-01-18 09:22:04,991 [Worker-5] INFO  o.e.m.c.i.embedder.EclipseLogger - Copying 0 resource
2024-01-18 09:22:04,993 [Worker-5] INFO  o.e.m.c.i.embedder.EclipseLogger - Using 'UTF-8' encoding to copy filtered resources.
2024-01-18 09:22:04,993 [Worker-5] INFO  o.e.m.c.i.embedder.EclipseLogger - Using 'UTF-8' encoding to copy filtered properties files.
2024-01-18 09:22:04,993 [Worker-5] INFO  o.e.m.c.i.embedder.EclipseLogger - skip non existing resourceDirectory C:\student-assignment\SpringBoot\demo\src\test\resources
2024-01-18 09:22:29,910 [Worker-12] INFO  o.e.m.c.i.embedder.EclipseLogger - Using 'UTF-8' encoding to copy filtered resources.
2024-01-18 09:22:29,910 [Worker-12] INFO  o.e.m.c.i.embedder.EclipseLogger - Using 'UTF-8' encoding to copy filtered properties files.
2024-01-18 09:22:29,913 [Worker-12] INFO  o.e.m.c.i.embedder.EclipseLogger - Copying 1 resource
2024-01-18 09:22:29,932 [Worker-12] INFO  o.e.m.c.i.embedder.EclipseLogger - Copying 0 resource
2024-01-18 09:22:29,935 [Worker-12] INFO  o.e.m.c.i.embedder.EclipseLogger - Using 'UTF-8' encoding to copy filtered resources.
2024-01-18 09:22:29,935 [Worker-12] INFO  o.e.m.c.i.embedder.EclipseLogger - Using 'UTF-8' encoding to copy filtered properties files.
2024-01-18 09:22:29,935 [Worker-12] INFO  o.e.m.c.i.embedder.EclipseLogger - skip non existing resourceDirectory C:\student-assignment\SpringBoot\demo\src\test\resources
2024-01-18 09:23:02,770 [Worker-12] INFO  o.e.m.c.i.embedder.EclipseLogger - Using 'UTF-8' encoding to copy filtered resources.
2024-01-18 09:23:02,770 [Worker-12] INFO  o.e.m.c.i.embedder.EclipseLogger - Using 'UTF-8' encoding to copy filtered properties files.
2024-01-18 09:23:02,771 [Worker-12] INFO  o.e.m.c.i.embedder.EclipseLogger - Copying 1 resource
2024-01-18 09:23:02,787 [Worker-12] INFO  o.e.m.c.i.embedder.EclipseLogger - Copying 0 resource
2024-01-18 09:23:02,789 [Worker-12] INFO  o.e.m.c.i.embedder.EclipseLogger - Using 'UTF-8' encoding to copy filtered resources.
2024-01-18 09:23:02,790 [Worker-12] INFO  o.e.m.c.i.embedder.EclipseLogger - Using 'UTF-8' encoding to copy filtered properties files.
2024-01-18 09:23:02,790 [Worker-12] INFO  o.e.m.c.i.embedder.EclipseLogger - skip non existing resourceDirectory C:\student-assignment\SpringBoot\demo\src\test\resources
2024-01-18 09:24:18,470 [Worker-10] INFO  o.e.m.c.i.embedder.EclipseLogger - Using 'UTF-8' encoding to copy filtered resources.
2024-01-18 09:24:18,471 [Worker-10] INFO  o.e.m.c.i.embedder.EclipseLogger - Using 'UTF-8' encoding to copy filtered properties files.
2024-01-18 09:24:18,471 [Worker-10] INFO  o.e.m.c.i.embedder.EclipseLogger - Copying 1 resource
2024-01-18 09:24:18,490 [Worker-10] INFO  o.e.m.c.i.embedder.EclipseLogger - Copying 0 resource
2024-01-18 09:24:18,493 [Worker-10] INFO  o.e.m.c.i.embedder.EclipseLogger - Using 'UTF-8' encoding to copy filtered resources.
2024-01-18 09:24:18,493 [Worker-10] INFO  o.e.m.c.i.embedder.EclipseLogger - Using 'UTF-8' encoding to copy filtered properties files.
2024-01-18 09:24:18,493 [Worker-10] INFO  o.e.m.c.i.embedder.EclipseLogger - skip non existing resourceDirectory C:\student-assignment\SpringBoot\demo\src\test\resources
2024-01-18 09:34:43,062 [Worker-23] INFO  o.e.m.c.i.embedder.EclipseLogger - Using 'UTF-8' encoding to copy filtered resources.
2024-01-18 09:34:43,062 [Worker-23] INFO  o.e.m.c.i.embedder.EclipseLogger - Using 'UTF-8' encoding to copy filtered properties files.
2024-01-18 09:34:43,063 [Worker-23] INFO  o.e.m.c.i.embedder.EclipseLogger - Copying 1 resource
2024-01-18 09:34:43,094 [Worker-23] INFO  o.e.m.c.i.embedder.EclipseLogger - Copying 0 resource
2024-01-18 09:34:43,097 [Worker-23] INFO  o.e.m.c.i.embedder.EclipseLogger - Using 'UTF-8' encoding to copy filtered resources.
2024-01-18 09:34:43,097 [Worker-23] INFO  o.e.m.c.i.embedder.EclipseLogger - Using 'UTF-8' encoding to copy filtered properties files.
2024-01-18 09:34:43,097 [Worker-23] INFO  o.e.m.c.i.embedder.EclipseLogger - skip non existing resourceDirectory C:\student-assignment\SpringBoot\demo\src\test\resources
2024-01-18 09:35:03,938 [Worker-24] INFO  o.e.m.c.i.embedder.EclipseLogger - Using 'UTF-8' encoding to copy filtered resources.
2024-01-18 09:35:03,938 [Worker-24] INFO  o.e.m.c.i.embedder.EclipseLogger - Using 'UTF-8' encoding to copy filtered properties files.
2024-01-18 09:35:03,939 [Worker-24] INFO  o.e.m.c.i.embedder.EclipseLogger - Copying 1 resource
2024-01-18 09:35:03,962 [Worker-24] INFO  o.e.m.c.i.embedder.EclipseLogger - Copying 0 resource
2024-01-18 09:35:03,963 [Worker-24] INFO  o.e.m.c.i.embedder.EclipseLogger - Using 'UTF-8' encoding to copy filtered resources.
2024-01-18 09:35:03,963 [Worker-24] INFO  o.e.m.c.i.embedder.EclipseLogger - Using 'UTF-8' encoding to copy filtered properties files.
2024-01-18 09:35:03,964 [Worker-24] INFO  o.e.m.c.i.embedder.EclipseLogger - skip non existing resourceDirectory C:\student-assignment\SpringBoot\demo\src\test\resources
2024-01-18 09:40:42,158 [Worker-26] INFO  o.e.m.c.i.embedder.EclipseLogger - Using 'UTF-8' encoding to copy filtered resources.
2024-01-18 09:40:42,158 [Worker-26] INFO  o.e.m.c.i.embedder.EclipseLogger - Using 'UTF-8' encoding to copy filtered properties files.
2024-01-18 09:40:42,160 [Worker-26] INFO  o.e.m.c.i.embedder.EclipseLogger - Copying 1 resource
2024-01-18 09:40:42,194 [Worker-26] INFO  o.e.m.c.i.embedder.EclipseLogger - Copying 0 resource
2024-01-18 09:40:42,197 [Worker-26] INFO  o.e.m.c.i.embedder.EclipseLogger - Using 'UTF-8' encoding to copy filtered resources.
2024-01-18 09:40:42,197 [Worker-26] INFO  o.e.m.c.i.embedder.EclipseLogger - Using 'UTF-8' encoding to copy filtered properties files.
2024-01-18 09:40:42,197 [Worker-26] INFO  o.e.m.c.i.embedder.EclipseLogger - skip non existing resourceDirectory C:\student-assignment\SpringBoot\demo\src\test\resources
2024-01-18 09:44:37,589 [Worker-29] INFO  o.e.m.c.i.embedder.EclipseLogger - Using 'UTF-8' encoding to copy filtered resources.
2024-01-18 09:44:37,589 [Worker-29] INFO  o.e.m.c.i.embedder.EclipseLogger - Using 'UTF-8' encoding to copy filtered properties files.
2024-01-18 09:44:37,590 [Worker-29] INFO  o.e.m.c.i.embedder.EclipseLogger - Copying 1 resource
2024-01-18 09:44:37,608 [Worker-29] INFO  o.e.m.c.i.embedder.EclipseLogger - Copying 0 resource
2024-01-18 09:44:37,612 [Worker-29] INFO  o.e.m.c.i.embedder.EclipseLogger - Using 'UTF-8' encoding to copy filtered resources.
2024-01-18 09:44:37,612 [Worker-29] INFO  o.e.m.c.i.embedder.EclipseLogger - Using 'UTF-8' encoding to copy filtered properties files.
2024-01-18 09:44:37,612 [Worker-29] INFO  o.e.m.c.i.embedder.EclipseLogger - skip non existing resourceDirectory C:\student-assignment\SpringBoot\demo\src\test\resources
2024-01-18 09:44:55,217 [Worker-30] INFO  o.e.m.c.i.embedder.EclipseLogger - Using 'UTF-8' encoding to copy filtered resources.
2024-01-18 09:44:55,217 [Worker-30] INFO  o.e.m.c.i.embedder.EclipseLogger - Using 'UTF-8' encoding to copy filtered properties files.
2024-01-18 09:44:55,218 [Worker-30] INFO  o.e.m.c.i.embedder.EclipseLogger - Copying 1 resource
2024-01-18 09:44:55,242 [Worker-30] INFO  o.e.m.c.i.embedder.EclipseLogger - Copying 0 resource
2024-01-18 09:44:55,245 [Worker-30] INFO  o.e.m.c.i.embedder.EclipseLogger - Using 'UTF-8' encoding to copy filtered resources.
2024-01-18 09:44:55,246 [Worker-30] INFO  o.e.m.c.i.embedder.EclipseLogger - Using 'UTF-8' encoding to copy filtered properties files.
2024-01-18 09:44:55,246 [Worker-30] INFO  o.e.m.c.i.embedder.EclipseLogger - skip non existing resourceDirectory C:\student-assignment\SpringBoot\demo\src\test\resources
2024-01-18 09:49:32,074 [Worker-8] INFO  o.e.m.c.i.embedder.EclipseLogger - Using 'UTF-8' encoding to copy filtered resources.
2024-01-18 09:49:32,076 [Worker-8] INFO  o.e.m.c.i.embedder.EclipseLogger - Using 'UTF-8' encoding to copy filtered properties files.
2024-01-18 09:49:32,079 [Worker-8] INFO  o.e.m.c.i.embedder.EclipseLogger - Copying 1 resource
2024-01-18 09:49:32,097 [Worker-8] INFO  o.e.m.c.i.embedder.EclipseLogger - Copying 0 resource
2024-01-18 09:49:32,100 [Worker-8] INFO  o.e.m.c.i.embedder.EclipseLogger - Using 'UTF-8' encoding to copy filtered resources.
2024-01-18 09:49:32,100 [Worker-8] INFO  o.e.m.c.i.embedder.EclipseLogger - Using 'UTF-8' encoding to copy filtered properties files.
2024-01-18 09:49:32,100 [Worker-8] INFO  o.e.m.c.i.embedder.EclipseLogger - skip non existing resourceDirectory C:\student-assignment\SpringBoot\demo\src\test\resources
2024-01-18 09:51:20,930 [Worker-14] INFO  o.e.m.c.i.embedder.EclipseLogger - Using 'UTF-8' encoding to copy filtered resources.
2024-01-18 09:51:20,931 [Worker-14] INFO  o.e.m.c.i.embedder.EclipseLogger - Using 'UTF-8' encoding to copy filtered properties files.
2024-01-18 09:51:20,935 [Worker-14] INFO  o.e.m.c.i.embedder.EclipseLogger - Copying 1 resource
2024-01-18 09:51:20,952 [Worker-14] INFO  o.e.m.c.i.embedder.EclipseLogger - Copying 0 resource
2024-01-18 09:51:20,956 [Worker-14] INFO  o.e.m.c.i.embedder.EclipseLogger - Using 'UTF-8' encoding to copy filtered resources.
2024-01-18 09:51:20,956 [Worker-14] INFO  o.e.m.c.i.embedder.EclipseLogger - Using 'UTF-8' encoding to copy filtered properties files.
2024-01-18 09:51:20,956 [Worker-14] INFO  o.e.m.c.i.embedder.EclipseLogger - skip non existing resourceDirectory C:\student-assignment\SpringBoot\demo\src\test\resources
2024-01-18 09:51:41,961 [Worker-8] INFO  o.e.m.c.i.embedder.EclipseLogger - Using 'UTF-8' encoding to copy filtered resources.
2024-01-18 09:51:41,961 [Worker-8] INFO  o.e.m.c.i.embedder.EclipseLogger - Using 'UTF-8' encoding to copy filtered properties files.
2024-01-18 09:51:41,962 [Worker-8] INFO  o.e.m.c.i.embedder.EclipseLogger - Copying 1 resource
2024-01-18 09:51:41,984 [Worker-8] INFO  o.e.m.c.i.embedder.EclipseLogger - Copying 0 resource
2024-01-18 09:51:41,986 [Worker-8] INFO  o.e.m.c.i.embedder.EclipseLogger - Using 'UTF-8' encoding to copy filtered resources.
2024-01-18 09:51:41,986 [Worker-8] INFO  o.e.m.c.i.embedder.EclipseLogger - Using 'UTF-8' encoding to copy filtered properties files.
2024-01-18 09:51:41,987 [Worker-8] INFO  o.e.m.c.i.embedder.EclipseLogger - skip non existing resourceDirectory C:\student-assignment\SpringBoot\demo\src\test\resources
2024-01-18 09:55:51,676 [Worker-19] INFO  o.e.m.c.i.embedder.EclipseLogger - Using 'UTF-8' encoding to copy filtered resources.
2024-01-18 09:55:51,676 [Worker-19] INFO  o.e.m.c.i.embedder.EclipseLogger - Using 'UTF-8' encoding to copy filtered properties files.
2024-01-18 09:55:51,677 [Worker-19] INFO  o.e.m.c.i.embedder.EclipseLogger - Copying 1 resource
2024-01-18 09:55:51,720 [Worker-19] INFO  o.e.m.c.i.embedder.EclipseLogger - Copying 0 resource
2024-01-18 09:55:51,723 [Worker-19] INFO  o.e.m.c.i.embedder.EclipseLogger - Using 'UTF-8' encoding to copy filtered resources.
2024-01-18 09:55:51,723 [Worker-19] INFO  o.e.m.c.i.embedder.EclipseLogger - Using 'UTF-8' encoding to copy filtered properties files.
2024-01-18 09:55:51,724 [Worker-19] INFO  o.e.m.c.i.embedder.EclipseLogger - skip non existing resourceDirectory C:\student-assignment\SpringBoot\demo\src\test\resources
2024-01-18 09:56:34,075 [Worker-8] INFO  o.e.m.c.i.embedder.EclipseLogger - Using 'UTF-8' encoding to copy filtered resources.
2024-01-18 09:56:34,075 [Worker-8] INFO  o.e.m.c.i.embedder.EclipseLogger - Using 'UTF-8' encoding to copy filtered properties files.
2024-01-18 09:56:34,076 [Worker-8] INFO  o.e.m.c.i.embedder.EclipseLogger - Copying 1 resource
2024-01-18 09:56:34,110 [Worker-8] INFO  o.e.m.c.i.embedder.EclipseLogger - Copying 0 resource
2024-01-18 09:56:34,114 [Worker-8] INFO  o.e.m.c.i.embedder.EclipseLogger - Using 'UTF-8' encoding to copy filtered resources.
2024-01-18 09:56:34,114 [Worker-8] INFO  o.e.m.c.i.embedder.EclipseLogger - Using 'UTF-8' encoding to copy filtered properties files.
2024-01-18 09:56:34,115 [Worker-8] INFO  o.e.m.c.i.embedder.EclipseLogger - skip non existing resourceDirectory C:\student-assignment\SpringBoot\demo\src\test\resources
2024-01-18 09:57:31,922 [Worker-14] INFO  o.e.m.c.i.embedder.EclipseLogger - Using 'UTF-8' encoding to copy filtered resources.
2024-01-18 09:57:31,923 [Worker-14] INFO  o.e.m.c.i.embedder.EclipseLogger - Using 'UTF-8' encoding to copy filtered properties files.
2024-01-18 09:57:31,924 [Worker-14] INFO  o.e.m.c.i.embedder.EclipseLogger - Copying 1 resource
2024-01-18 09:57:31,968 [Worker-14] INFO  o.e.m.c.i.embedder.EclipseLogger - Copying 0 resource
2024-01-18 09:57:31,974 [Worker-14] INFO  o.e.m.c.i.embedder.EclipseLogger - Using 'UTF-8' encoding to copy filtered resources.
2024-01-18 09:57:31,975 [Worker-14] INFO  o.e.m.c.i.embedder.EclipseLogger - Using 'UTF-8' encoding to copy filtered properties files.
2024-01-18 09:57:31,975 [Worker-14] INFO  o.e.m.c.i.embedder.EclipseLogger - skip non existing resourceDirectory C:\student-assignment\SpringBoot\demo\src\test\resources
2024-01-18 10:00:49,134 [Worker-24] INFO  o.e.m.c.i.embedder.EclipseLogger - Using 'UTF-8' encoding to copy filtered resources.
2024-01-18 10:00:49,135 [Worker-24] INFO  o.e.m.c.i.embedder.EclipseLogger - Using 'UTF-8' encoding to copy filtered properties files.
2024-01-18 10:00:49,136 [Worker-24] INFO  o.e.m.c.i.embedder.EclipseLogger - Copying 1 resource
2024-01-18 10:00:49,164 [Worker-24] INFO  o.e.m.c.i.embedder.EclipseLogger - Copying 0 resource
2024-01-18 10:00:49,166 [Worker-24] INFO  o.e.m.c.i.embedder.EclipseLogger - Using 'UTF-8' encoding to copy filtered resources.
2024-01-18 10:00:49,166 [Worker-24] INFO  o.e.m.c.i.embedder.EclipseLogger - Using 'UTF-8' encoding to copy filtered properties files.
2024-01-18 10:00:49,166 [Worker-24] INFO  o.e.m.c.i.embedder.EclipseLogger - skip non existing resourceDirectory C:\student-assignment\SpringBoot\demo\src\test\resources
2024-01-18 10:00:54,119 [Worker-19] INFO  o.e.m.c.i.embedder.EclipseLogger - Using 'UTF-8' encoding to copy filtered resources.
2024-01-18 10:00:54,119 [Worker-19] INFO  o.e.m.c.i.embedder.EclipseLogger - Using 'UTF-8' encoding to copy filtered properties files.
2024-01-18 10:00:54,121 [Worker-19] INFO  o.e.m.c.i.embedder.EclipseLogger - Copying 1 resource
2024-01-18 10:00:54,148 [Worker-19] INFO  o.e.m.c.i.embedder.EclipseLogger - Copying 0 resource
2024-01-18 10:00:54,153 [Worker-19] INFO  o.e.m.c.i.embedder.EclipseLogger - Using 'UTF-8' encoding to copy filtered resources.
2024-01-18 10:00:54,153 [Worker-19] INFO  o.e.m.c.i.embedder.EclipseLogger - Using 'UTF-8' encoding to copy filtered properties files.
2024-01-18 10:00:54,153 [Worker-19] INFO  o.e.m.c.i.embedder.EclipseLogger - skip non existing resourceDirectory C:\student-assignment\SpringBoot\demo\src\test\resources
2024-01-18 10:03:52,334 [Worker-25] INFO  o.e.m.c.i.embedder.EclipseLogger - Using 'UTF-8' encoding to copy filtered resources.
2024-01-18 10:03:52,335 [Worker-25] INFO  o.e.m.c.i.embedder.EclipseLogger - Using 'UTF-8' encoding to copy filtered properties files.
2024-01-18 10:03:52,335 [Worker-25] INFO  o.e.m.c.i.embedder.EclipseLogger - Copying 1 resource
2024-01-18 10:03:52,345 [Worker-25] INFO  o.e.m.c.i.embedder.EclipseLogger - Copying 0 resource
2024-01-18 10:03:52,347 [Worker-25] INFO  o.e.m.c.i.embedder.EclipseLogger - Using 'UTF-8' encoding to copy filtered resources.
2024-01-18 10:03:52,347 [Worker-25] INFO  o.e.m.c.i.embedder.EclipseLogger - Using 'UTF-8' encoding to copy filtered properties files.
2024-01-18 10:03:52,347 [Worker-25] INFO  o.e.m.c.i.embedder.EclipseLogger - skip non existing resourceDirectory C:\student-assignment\SpringBoot\demo\src\test\resources
2024-01-18 10:04:09,723 [Worker-26] INFO  o.e.m.c.i.embedder.EclipseLogger - Using 'UTF-8' encoding to copy filtered resources.
2024-01-18 10:04:09,724 [Worker-26] INFO  o.e.m.c.i.embedder.EclipseLogger - Using 'UTF-8' encoding to copy filtered properties files.
2024-01-18 10:04:09,725 [Worker-26] INFO  o.e.m.c.i.embedder.EclipseLogger - Copying 1 resource
2024-01-18 10:04:09,758 [Worker-26] INFO  o.e.m.c.i.embedder.EclipseLogger - Copying 0 resource
2024-01-18 10:04:09,762 [Worker-26] INFO  o.e.m.c.i.embedder.EclipseLogger - Using 'UTF-8' encoding to copy filtered resources.
2024-01-18 10:04:09,762 [Worker-26] INFO  o.e.m.c.i.embedder.EclipseLogger - Using 'UTF-8' encoding to copy filtered properties files.
2024-01-18 10:04:09,762 [Worker-26] INFO  o.e.m.c.i.embedder.EclipseLogger - skip non existing resourceDirectory C:\student-assignment\SpringBoot\demo\src\test\resources
2024-01-18 10:04:27,954 [Worker-23] INFO  o.e.m.c.i.embedder.EclipseLogger - Using 'UTF-8' encoding to copy filtered resources.
2024-01-18 10:04:27,954 [Worker-23] INFO  o.e.m.c.i.embedder.EclipseLogger - Using 'UTF-8' encoding to copy filtered properties files.
2024-01-18 10:04:27,954 [Worker-23] INFO  o.e.m.c.i.embedder.EclipseLogger - Copying 1 resource
2024-01-18 10:04:27,965 [Worker-23] INFO  o.e.m.c.i.embedder.EclipseLogger - Copying 0 resource
2024-01-18 10:04:27,968 [Worker-23] INFO  o.e.m.c.i.embedder.EclipseLogger - Using 'UTF-8' encoding to copy filtered resources.
2024-01-18 10:04:27,968 [Worker-23] INFO  o.e.m.c.i.embedder.EclipseLogger - Using 'UTF-8' encoding to copy filtered properties files.
2024-01-18 10:04:27,968 [Worker-23] INFO  o.e.m.c.i.embedder.EclipseLogger - skip non existing resourceDirectory C:\student-assignment\SpringBoot\demo\src\test\resources
2024-01-18 10:05:22,612 [Worker-26] INFO  o.e.m.c.i.embedder.EclipseLogger - Using 'UTF-8' encoding to copy filtered resources.
2024-01-18 10:05:22,612 [Worker-26] INFO  o.e.m.c.i.embedder.EclipseLogger - Using 'UTF-8' encoding to copy filtered properties files.
2024-01-18 10:05:22,613 [Worker-26] INFO  o.e.m.c.i.embedder.EclipseLogger - Copying 1 resource
2024-01-18 10:05:22,642 [Worker-26] INFO  o.e.m.c.i.embedder.EclipseLogger - Copying 0 resource
2024-01-18 10:05:22,644 [Worker-26] INFO  o.e.m.c.i.embedder.EclipseLogger - Using 'UTF-8' encoding to copy filtered resources.
2024-01-18 10:05:22,644 [Worker-26] INFO  o.e.m.c.i.embedder.EclipseLogger - Using 'UTF-8' encoding to copy filtered properties files.
2024-01-18 10:05:22,644 [Worker-26] INFO  o.e.m.c.i.embedder.EclipseLogger - skip non existing resourceDirectory C:\student-assignment\SpringBoot\demo\src\test\resources
2024-01-18 10:05:41,510 [Worker-28] INFO  o.e.m.c.i.embedder.EclipseLogger - Using 'UTF-8' encoding to copy filtered resources.
2024-01-18 10:05:41,510 [Worker-28] INFO  o.e.m.c.i.embedder.EclipseLogger - Using 'UTF-8' encoding to copy filtered properties files.
2024-01-18 10:05:41,512 [Worker-28] INFO  o.e.m.c.i.embedder.EclipseLogger - Copying 1 resource
2024-01-18 10:05:41,533 [Worker-28] INFO  o.e.m.c.i.embedder.EclipseLogger - Copying 0 resource
2024-01-18 10:05:41,535 [Worker-28] INFO  o.e.m.c.i.embedder.EclipseLogger - Using 'UTF-8' encoding to copy filtered resources.
2024-01-18 10:05:41,535 [Worker-28] INFO  o.e.m.c.i.embedder.EclipseLogger - Using 'UTF-8' encoding to copy filtered properties files.
2024-01-18 10:05:41,535 [Worker-28] INFO  o.e.m.c.i.embedder.EclipseLogger - skip non existing resourceDirectory C:\student-assignment\SpringBoot\demo\src\test\resources
2024-01-18 10:05:47,321 [Worker-14] INFO  o.e.m.c.i.embedder.EclipseLogger - Using 'UTF-8' encoding to copy filtered resources.
2024-01-18 10:05:47,322 [Worker-14] INFO  o.e.m.c.i.embedder.EclipseLogger - Using 'UTF-8' encoding to copy filtered properties files.
2024-01-18 10:05:47,322 [Worker-14] INFO  o.e.m.c.i.embedder.EclipseLogger - Copying 1 resource
2024-01-18 10:05:47,342 [Worker-14] INFO  o.e.m.c.i.embedder.EclipseLogger - Copying 0 resource
2024-01-18 10:05:47,344 [Worker-14] INFO  o.e.m.c.i.embedder.EclipseLogger - Using 'UTF-8' encoding to copy filtered resources.
2024-01-18 10:05:47,344 [Worker-14] INFO  o.e.m.c.i.embedder.EclipseLogger - Using 'UTF-8' encoding to copy filtered properties files.
2024-01-18 10:05:47,344 [Worker-14] INFO  o.e.m.c.i.embedder.EclipseLogger - skip non existing resourceDirectory C:\student-assignment\SpringBoot\demo\src\test\resources
2024-01-19 10:54:11,825 [Worker-9] INFO  o.e.m.c.i.embedder.EclipseLogger - Using 'UTF-8' encoding to copy filtered resources.
2024-01-19 10:54:11,830 [Worker-9] INFO  o.e.m.c.i.embedder.EclipseLogger - Using 'UTF-8' encoding to copy filtered properties files.
2024-01-19 10:54:11,834 [Worker-9] INFO  o.e.m.c.i.embedder.EclipseLogger - Copying 1 resource
2024-01-19 10:54:11,855 [Worker-9] INFO  o.e.m.c.i.embedder.EclipseLogger - Copying 0 resource
2024-01-19 10:54:11,857 [Worker-9] INFO  o.e.m.c.i.embedder.EclipseLogger - Using 'UTF-8' encoding to copy filtered resources.
2024-01-19 10:54:11,857 [Worker-9] INFO  o.e.m.c.i.embedder.EclipseLogger - Using 'UTF-8' encoding to copy filtered properties files.
2024-01-19 10:54:11,858 [Worker-9] INFO  o.e.m.c.i.embedder.EclipseLogger - skip non existing resourceDirectory C:\student-assignment\SpringBoot\demo\src\test\resources
2024-01-19 10:54:40,339 [Worker-20] INFO  o.e.m.c.i.embedder.EclipseLogger - Using 'UTF-8' encoding to copy filtered resources.
2024-01-19 10:54:40,340 [Worker-20] INFO  o.e.m.c.i.embedder.EclipseLogger - Using 'UTF-8' encoding to copy filtered properties files.
2024-01-19 10:54:40,344 [Worker-20] INFO  o.e.m.c.i.embedder.EclipseLogger - Copying 1 resource
2024-01-19 10:54:40,372 [Worker-20] INFO  o.e.m.c.i.embedder.EclipseLogger - Copying 0 resource
2024-01-19 10:54:40,377 [Worker-20] INFO  o.e.m.c.i.embedder.EclipseLogger - Using 'UTF-8' encoding to copy filtered resources.
2024-01-19 10:54:40,377 [Worker-20] INFO  o.e.m.c.i.embedder.EclipseLogger - Using 'UTF-8' encoding to copy filtered properties files.
2024-01-19 10:54:40,377 [Worker-20] INFO  o.e.m.c.i.embedder.EclipseLogger - skip non existing resourceDirectory C:\student-assignment\SpringBoot\demo\src\test\resources
2024-01-19 10:55:25,902 [Worker-18] INFO  o.e.m.c.i.embedder.EclipseLogger - Using 'UTF-8' encoding to copy filtered resources.
2024-01-19 10:55:25,902 [Worker-18] INFO  o.e.m.c.i.embedder.EclipseLogger - Using 'UTF-8' encoding to copy filtered properties files.
2024-01-19 10:55:25,903 [Worker-18] INFO  o.e.m.c.i.embedder.EclipseLogger - Copying 1 resource
2024-01-19 10:55:25,923 [Worker-18] INFO  o.e.m.c.i.embedder.EclipseLogger - Copying 0 resource
2024-01-19 10:55:25,925 [Worker-18] INFO  o.e.m.c.i.embedder.EclipseLogger - Using 'UTF-8' encoding to copy filtered resources.
2024-01-19 10:55:25,925 [Worker-18] INFO  o.e.m.c.i.embedder.EclipseLogger - Using 'UTF-8' encoding to copy filtered properties files.
2024-01-19 10:55:25,926 [Worker-18] INFO  o.e.m.c.i.embedder.EclipseLogger - skip non existing resourceDirectory C:\student-assignment\SpringBoot\demo\src\test\resources
2024-01-19 10:56:02,530 [Worker-18] INFO  o.e.m.c.i.embedder.EclipseLogger - Using 'UTF-8' encoding to copy filtered resources.
2024-01-19 10:56:02,530 [Worker-18] INFO  o.e.m.c.i.embedder.EclipseLogger - Using 'UTF-8' encoding to copy filtered properties files.
2024-01-19 10:56:02,531 [Worker-18] INFO  o.e.m.c.i.embedder.EclipseLogger - Copying 1 resource
2024-01-19 10:56:02,567 [Worker-18] INFO  o.e.m.c.i.embedder.EclipseLogger - Copying 0 resource
2024-01-19 10:56:02,571 [Worker-18] INFO  o.e.m.c.i.embedder.EclipseLogger - Using 'UTF-8' encoding to copy filtered resources.
2024-01-19 10:56:02,572 [Worker-18] INFO  o.e.m.c.i.embedder.EclipseLogger - Using 'UTF-8' encoding to copy filtered properties files.
2024-01-19 10:56:02,572 [Worker-18] INFO  o.e.m.c.i.embedder.EclipseLogger - skip non existing resourceDirectory C:\student-assignment\SpringBoot\demo\src\test\resources
2024-01-19 11:14:43,928 [Worker-28] INFO  o.e.m.c.i.embedder.EclipseLogger - Using 'UTF-8' encoding to copy filtered resources.
2024-01-19 11:14:43,928 [Worker-28] INFO  o.e.m.c.i.embedder.EclipseLogger - Using 'UTF-8' encoding to copy filtered properties files.
2024-01-19 11:14:43,929 [Worker-28] INFO  o.e.m.c.i.embedder.EclipseLogger - Copying 1 resource
2024-01-19 11:14:43,951 [Worker-28] INFO  o.e.m.c.i.embedder.EclipseLogger - Copying 0 resource
2024-01-19 11:14:43,953 [Worker-28] INFO  o.e.m.c.i.embedder.EclipseLogger - Using 'UTF-8' encoding to copy filtered resources.
2024-01-19 11:14:43,953 [Worker-28] INFO  o.e.m.c.i.embedder.EclipseLogger - Using 'UTF-8' encoding to copy filtered properties files.
2024-01-19 11:14:43,953 [Worker-28] INFO  o.e.m.c.i.embedder.EclipseLogger - skip non existing resourceDirectory C:\student-assignment\SpringBoot\demo\src\test\resources
2024-01-19 11:15:01,813 [Worker-28] INFO  o.e.m.c.i.embedder.EclipseLogger - Using 'UTF-8' encoding to copy filtered resources.
2024-01-19 11:15:01,814 [Worker-28] INFO  o.e.m.c.i.embedder.EclipseLogger - Using 'UTF-8' encoding to copy filtered properties files.
2024-01-19 11:15:01,814 [Worker-28] INFO  o.e.m.c.i.embedder.EclipseLogger - Copying 1 resource
2024-01-19 11:15:01,842 [Worker-28] INFO  o.e.m.c.i.embedder.EclipseLogger - Copying 0 resource
2024-01-19 11:15:01,844 [Worker-28] INFO  o.e.m.c.i.embedder.EclipseLogger - Using 'UTF-8' encoding to copy filtered resources.
2024-01-19 11:15:01,844 [Worker-28] INFO  o.e.m.c.i.embedder.EclipseLogger - Using 'UTF-8' encoding to copy filtered properties files.
2024-01-19 11:15:01,844 [Worker-28] INFO  o.e.m.c.i.embedder.EclipseLogger - skip non existing resourceDirectory C:\student-assignment\SpringBoot\demo\src\test\resources
2024-01-19 11:15:21,477 [Worker-28] INFO  o.e.m.c.i.embedder.EclipseLogger - Using 'UTF-8' encoding to copy filtered resources.
2024-01-19 11:15:21,477 [Worker-28] INFO  o.e.m.c.i.embedder.EclipseLogger - Using 'UTF-8' encoding to copy filtered properties files.
2024-01-19 11:15:21,478 [Worker-28] INFO  o.e.m.c.i.embedder.EclipseLogger - Copying 1 resource
2024-01-19 11:15:21,491 [Worker-28] INFO  o.e.m.c.i.embedder.EclipseLogger - Copying 0 resource
2024-01-19 11:15:21,493 [Worker-28] INFO  o.e.m.c.i.embedder.EclipseLogger - Using 'UTF-8' encoding to copy filtered resources.
2024-01-19 11:15:21,493 [Worker-28] INFO  o.e.m.c.i.embedder.EclipseLogger - Using 'UTF-8' encoding to copy filtered properties files.
2024-01-19 11:15:21,493 [Worker-28] INFO  o.e.m.c.i.embedder.EclipseLogger - skip non existing resourceDirectory C:\student-assignment\SpringBoot\demo\src\test\resources
2024-01-19 11:15:30,023 [Worker-33] INFO  o.e.m.c.i.embedder.EclipseLogger - Using 'UTF-8' encoding to copy filtered resources.
2024-01-19 11:15:30,023 [Worker-33] INFO  o.e.m.c.i.embedder.EclipseLogger - Using 'UTF-8' encoding to copy filtered properties files.
2024-01-19 11:15:30,024 [Worker-33] INFO  o.e.m.c.i.embedder.EclipseLogger - Copying 1 resource
2024-01-19 11:15:30,041 [Worker-33] INFO  o.e.m.c.i.embedder.EclipseLogger - Copying 0 resource
2024-01-19 11:15:30,044 [Worker-33] INFO  o.e.m.c.i.embedder.EclipseLogger - Using 'UTF-8' encoding to copy filtered resources.
2024-01-19 11:15:30,044 [Worker-33] INFO  o.e.m.c.i.embedder.EclipseLogger - Using 'UTF-8' encoding to copy filtered properties files.
2024-01-19 11:15:30,044 [Worker-33] INFO  o.e.m.c.i.embedder.EclipseLogger - skip non existing resourceDirectory C:\student-assignment\SpringBoot\demo\src\test\resources
